Arguments: 
  /Users/wangmingshun/.nvm/versions/node/v16.13.0/bin/node /Users/wangmingshun/.nvm/versions/node/v16.13.0/bin/yarn add @types/loadsh --dev

PATH: 
  /Users/wangmingshun/.nvm/versions/node/v16.13.0/bin:/usr/local/bin:/usr/bin:/bin:/usr/sbin:/sbin:/Library/Apple/usr/bin:/Users/wangmingshun/.nvm/versions/node/v16.13.0/bin

Yarn version: 
  1.22.17

Node version: 
  16.13.0

Platform: 
  darwin x64

Trace: 
  Error: https://npm.corp.kuaishou.com/@types%2floadsh: no such package available
      at Request.params.callback [as _callback] (/Users/wangmingshun/.nvm/versions/node/v16.13.0/lib/node_modules/yarn/lib/cli.js:67029:18)
      at Request.self.callback (/Users/wangmingshun/.nvm/versions/node/v16.13.0/lib/node_modules/yarn/lib/cli.js:140883:22)
      at Request.emit (node:events:390:28)
      at Request.<anonymous> (/Users/wangmingshun/.nvm/versions/node/v16.13.0/lib/node_modules/yarn/lib/cli.js:141855:10)
      at Request.emit (node:events:390:28)
      at IncomingMessage.<anonymous> (/Users/wangmingshun/.nvm/versions/node/v16.13.0/lib/node_modules/yarn/lib/cli.js:141777:12)
      at Object.onceWrapper (node:events:509:28)
      at IncomingMessage.emit (node:events:402:35)
      at endReadableNT (node:internal/streams/readable:1343:12)
      at processTicksAndRejections (node:internal/process/task_queues:83:21)

npm manifest: 
  {
    "name": "typescript",
    "version": "1.0.0",
    "main": "index.js",
    "license": "MIT",
    "devDependencies": {
      "typescript": "^4.4.4"
    },
    "dependencies": {
      "loadsh": "^0.0.4"
    }
  }

yarn manifest: 
  No manifest

Lockfile: 
  # THIS IS AN AUTOGENERATED FILE. DO NOT EDIT THIS FILE DIRECTLY.
  # yarn lockfile v1
  
  
  loadsh@^0.0.4:
    version "0.0.4"
    resolved "https://npm.corp.kuaishou.com/loadsh/-/loadsh-0.0.4.tgz#5314babd12bb13315dde024a4ca70758c5489d2d"
    integrity sha1-UxS6vRK7EzFd3gJKTKcHWMVInS0=
  
  typescript@^4.4.4:
    version "4.4.4"
    resolved "https://npm.corp.kuaishou.com/typescript/-/typescript-4.4.4.tgz#2cd01a1a1f160704d3101fd5a58ff0f9fcb8030c"
    integrity sha1-LNAaGh8WBwTTEB/VpY/w+fy4Aww=
